<?xml version="1.0" encoding="UTF-8"?>
<<<<<<< HEAD
<testsuite name="examplefuncsplayer.RobotPlayerTest" tests="1" skipped="0" failures="0" errors="0" timestamp="2024-01-17T05:14:29" hostname="Stefans-MacBook-Air.local" time="0.001">
=======
<testsuite name="examplefuncsplayer.RobotPlayerTest" tests="1" skipped="0" failures="0" errors="0" timestamp="2024-01-17T05:26:01" hostname="Air.local" time="0.0">
>>>>>>> 9f78e8a52d5285311a2833d4a725633e0085c39b
  <properties/>
  <testcase name="testSanity" classname="examplefuncsplayer.RobotPlayerTest" time="0.0"/>
  <system-out><![CDATA[]]></system-out>
  <system-err><![CDATA[]]></system-err>
</testsuite>
